<?xml version="1.0" encoding="UTF-8"?>
<testsuite xmlns:xsi="http://www.w3.org/2001/XMLSchema-instance" xsi:noNamespaceSchemaLocation="https://maven.apache.org/surefire/maven-surefire-plugin/xsd/surefire-test-report-3.0.xsd" version="3.0" name="Question08Test" time="0.112" tests="9" errors="0" skipped="0" failures="0">
  <properties>
[...]
</properties>
  <testcase name="checkNumber_01" classname="Question08Test" time="0.046"/>
  <testcase name="checkNumber_02" classname="Question08Test" time="0.002"/>
  <testcase name="checkNumber_03" classname="Question08Test" time="0.003"/>
  <testcase name="checkNumber_04" classname="Question08Test" time="0.002"/>
  <testcase name="checkNumber_05" classname="Question08Test" time="0.001"/>
  <testcase name="checkNumber_06" classname="Question08Test" time="0.002"/>
  <testcase name="checkNumber_07" classname="Question08Test" time="0.002"/>
  <testcase name="checkNumber_08" classname="Question08Test" time="0.001"/>
  <testcase name="checkNumber_09" classname="Question08Test" time="0.001"/>
</testsuite>